<?xml version="1.0" encoding="UTF-8"?>
<!-- Generated by org.testng.reporters.JUnitReportReporter -->
<testsuite hostname="XO-QA-FC-063" name="com.prac.test.HomePage" tests="1" failures="0" timestamp="3 Sep 2019 04:50:35 GMT" time="5.542" errors="0">
  <testcase name="validateHomePageTitle" time="5.542" classname="com.prac.test.HomePage"/>
</testsuite> <!-- com.prac.test.HomePage -->
