<?xml version="1.0" encoding="UTF-8"?>
<!-- Generated by org.testng.reporters.JUnitReportReporter -->
<testsuite skipped="0" hostname="EC2AMAZ-DNSAJIU" name="com.prac.test.HomePageTest" tests="2" failures="0" timestamp="2019-11-02T09:39:00 IST" time="10.312" errors="0">
  <testcase name="verifyTopLinksHomePage" time="5.494" classname="com.prac.test.HomePageTest"/>
  <testcase name="validateHomePageTitle" time="4.818" classname="com.prac.test.HomePageTest"/>
</testsuite> <!-- com.prac.test.HomePageTest -->
