<?xml version="1.0" encoding="UTF-8"?>
<!-- Generated by org.testng.reporters.JUnitReportReporter -->
<testsuite skipped="0" hostname="EC2AMAZ-DNSAJIU" name="com.prac.test.SearchPageTest" tests="2" failures="0" timestamp="2019-11-02T09:39:00 IST" time="13.549" errors="0">
  <testcase name="validateSearchPageLinks" time="6.346" classname="com.prac.test.SearchPageTest"/>
  <testcase name="validateSearchPageLinks" time="7.203" classname="com.prac.test.SearchPageTest"/>
</testsuite> <!-- com.prac.test.SearchPageTest -->
